TL;DR - from the notes in-line below we learn:
---------------------------------------------
1/ serial packets are separated with 'aa aa' markers
2/ each packet ends with CRC16/ARC checksum over all bytes except marker and checksum
3/ following the marker is a 4 byte header:
   1 - type
   2 - length after header (and before checksum)
   3 - ??
   4 - ??
4/ Assumption - the response protocol looks similar (but I only have 1 serial tap!)
5/ UDP packets are replicated by WiFi board, all groups of a single size (110, 78, 46)
   share a timestamp. We assume each group is related to a single serial data packet.


[14:18:22.065019] 00000000  73 64 00 24 9c be 8f 03  84 24 e0 7c 03 0c 04 04  |sd.$.....$.|....|	WiFi config or some such..
[14:18:22.065332] 00000010  8c 1c 80 6c e4 04 62 7c  8f 82 9f ec 70 03 db 72  |...l..b|....p..r|	possibly even ESP8285 FW??
[14:18:22.065490] 00000020  92 62 6c 0c 23 84 f3 6e  6f 9e 24 6e 6f 9c e3 e4  |.bl.#..no.$no...|
[14:18:22.065595] 00000030  04 62 1c 70 0c 64 42 0e  6c 72 64 70 f2 4e e0 10  |.b.p.dB.lrdp.N..|
[14:18:22.065646] 00000040  03 04 04 83 0c 6c 04 04  0c 0c 0c 04 22 0c 6f e3  |.....l......".o.|
[14:18:22.065684] 00000050  7c 02 84 ec 8e 83 e4 84  8f 70 0c 8c f2 4e 6e ce  ||........p...Nn.|
[14:18:22.118781] 00000060  03 6c 84 8f 6c 60 03 90  1b 32 4e 4e 0c 6c 60 02  |.l..l`...2NN.l`.|
[14:18:22.119003] 00000070  0e 02 6e 7b 8f b2 9f ce  02 0c 0c 82 9c 1c 72 6c  |..n{..........rl|
[14:18:22.119177] 00000080  70 f2 4e e0 10 03 0c 0c  72 84 dc dc e3 e0 04 04  |p.N.....r.......|
[14:18:22.119375] 00000090  0c 0c 23 04 4e e2 7c 02  84 04 0c 0c 0c 42 84 f3  |..#.N.|......B..|
[14:18:22.119562] 000000a0  6f 6f ef 02 04 0c 6c 60  02 90 12 13 6e 6f 04 24  |oo....l`....no.$|
[14:18:22.119748] 000000b0  20 03 0e 03 6f 72 8e 92  93 6f 0c 04 92 83 6c 60  | ...or...o....l`|
[14:18:22.119928] 000000c0  02 70 f2 4e e0 10 03 0c  04 72 8c dc 9c e3 e0 e4  |.p.N.....r......|
[14:18:22.120045] 000000d0  8f 12 03 0c 23 04 6e e2  7c 03 64 04 84 0c 0c 0c  |....#.n.|.d.....|
[14:18:22.120143] 000000e0  42 84 f3 6e 6f ef 02 04  0c 6c 60 02 90 1b 1b 6f  |B..no....l`....o|
[14:18:22.120229] 000000f0  4e 0c 6c 60 02 0e 02 6e  7b 8f b2 9e ef 02 0c 0c  |N.l`...n{.......|
[14:18:22.134755] 00000100  42 12 24 60 03 0f 72 92  9f ce 03 0c 0c 42 12 24  |B.$`..r......B.$|
[14:18:22.317672] 00000110  60 03 8c e3 03 ec 32 82  4e e4 93 73 83 fb 6f 7c  |`.....2.N..s..o||
[14:18:22.317826] 00000120  e4 04 84 24 8e 82 6c 60  03 1c 42 92 9c f0 02 0c  |...$..l`..B.....|
[14:18:22.317874] 00000130  be 8c 1b 7b b2 9c 64 9c  4e e0 0c 83 6f e2 00 0c  |...{..d.N...o...|
[14:18:22.317930] 00000140  64 20 02 8c e3 73 db 6c  8c 64 12 84 0c 0c 0c 6c  |d ...s.l.d.....l|

[14:18:23.604837] 00000150  60 02 84 e2 ff 72 6c 00  6c 9c 9e 7c 00 8c 63 03  |`....rl.l..|..c.|
[14:18:23.605066] 00000160  c2 6f 04 0c 0c 8c 04 24  ec 1c 70 8c 72 82 02 ec  |.o.....$..p.r...|
[14:18:23.605194] 00000170  1b b2 9f 7c 12 63 8c 1c  70 04 84 f3 6e 6f 9e 24  |...|.c..p...no.$|
[14:18:23.605399] 00000180  4e 6e dc e2 e4 04 22 1c  70 8c 8e 63 64 20 02 72  |Nn....".p..cd .r|
[14:18:23.605602] 00000190  6c 70 f2 4e e0 10 03 0c  04 82 0c 6c 0c 0c 04 04  |lp.N.......l....|
[14:18:23.605754] 000001a0  0c 0c 23 04 4e e2 7c 03  84 e4 8f 70 8f 8c 8e 42  |..#.N.|....p...B|
[14:18:23.658860] 000001b0  84 f3 6f 6f ef 02 24 8c  8e 00 6c 20 02 90 12 12  |..oo..$...l ....|
[14:18:23.659094] 000001c0  6e 6e 0c 64 20 02 0e 03  6f 72 8e 92 93 6e 0c 04  |nn.d ...or...n..|
[14:18:23.659259] 000001d0  82 72 6c 60 02 70 f2 4e  e0 10 03 04 04 73 8c dc  |.rl`.p.N.....s..|
[14:18:23.659427] 000001e0  9c e3 e0 04 0c 0c 04 42  04 6e e2 7c 02 84 0c 0c  |.......B.n.|....|
[14:18:23.659610] 000001f0  0c 04 42 8c 7c 7f f2 4e  ef 02 0c 0c 6c 20 02 90  |..B.|..N....l ..|
[14:18:23.659811] 00000200  13 1b 6f 4e 0c 6c 60 02  0e 02 6e 73 8f b2 9e ef  |..oN.l`...ns....|
[14:18:23.660014] 00000210  02 0c 0c b2 9c 8f 0e 6c  70 fb 6f e0 10 02 0c 0c  |.......lp.o.....|
[14:18:23.660106] 00000220  72 84 9c dc e2 e0 ec 8f  c2 02 0c 63 0c 4e c2 e2  |r..........c.N..|
[14:18:23.660185] 00000230  6e 6c 0c 84 04 0c 0c 23  84 f2 6e 6f ef 00 04 0c  |nl.....#..no....|
[14:18:23.660257] 00000240  6c 60 02 90 32 12 4e 6e  0c 6c 20 02 0e 02 6e 7b  |l`..2.Nn.l ...n{|
[14:18:23.674737] 00000250  8f b2 9f ef 02 0c 0c 42  12 24 20 03 0f 7b b2 9f  |.......B.$ ..{..|
[14:18:23.850869] 00000260  ce 02 0c 0c 22 12 6c 60  03 8c c2 9c e4 12 82 6e  |....".l`.......n|
[14:18:23.851050] 00000270  ec 9b 72 82 9f 4e 7c ec  0c 8c 1c 93 6c 6c 20 02  |..r..N|.....ll .|
[14:18:23.851213] 00000280  1c 62 92 13 03 0c 9e 84  12 72 92 02 6c dc 6f e0  |.b.......r..l.o.|
[14:18:23.866792] 00000290  04 82 4e e3 00 04 6c 60  03 8c e3 72 92 24 84 6c  |..N...l`...r.$.l|

                                                                 +---- serial block separator I think.. aa never appears elsewhere, always in 1st 16
                                                                 v
[14:18:24.218901] 000002a0  1b 8c 1f 00 0c 04 24 20  02 8c e3 ff aa aa 7f 01  |......$ ........|
[14:18:24.219098] 000002b0  00 01 b0 12 14 aa aa 32  4f 00 00 5f 8c 51 02 06  |.......2O.._.Q..|
[14:18:24.219219] 000002c0  00 bc 6e 76 19 40 41 bc  6e 76 19 40 42 57 49 32  |..nv.@A.nv.@BWI2|	WiFi MAC and MAC+1 (??), unk ID string
[14:18:24.234865] 000002d0  31 39 32 33 30 30 30 32  35 30 35 00 00 00 54 72  |19230002505...Tr|	device type name
[14:18:24.235044] 000002e0  69 6f 20 49 49 20 54 4c  35 31 39 33 34 30 34 31  |io II TL51934041|	device ID
[14:18:24.235180] 000002f0  33 35 30 30 00 00 00 00  00 00 00 00 00 00 54 72  |3500..........Tr|	unk device Id (5488?)

[14:18:26.346870] 00000300  69 6f 35 34 38 38 00 00  00 00 42 ca aa aa 36 01  |io5488....B...6.|
[14:18:26.378791] 00000310  00 00 02 39 48 aa aa 31  2f 00 00 50 c7 bf 8f 2b  |...9H..1/..P...+|	first appearance of 50 c7 bf 8f 2b f4 pattern
[14:18:26.379005] 00000320  f4 61 73 68 62 79 73 6f  66 74 2e 6e 65 74 5f 6f  |.ashbysoft.net_o|	configured WiFi SSID (used as network
[14:18:26.379132] 00000330  70 74 6f 75 74 00 00 00  00 00 00 00 00 00 00 00  |ptout...........|	handle - see below)
[14:18:26.394776] 00000340  00 14 08 be 03 00 f7 ff  00 00 b2 d9 aa aa 31 2f  |..............1/|
[14:18:26.394928] 00000350  00 00 1c 64 99 09 e9 84  56 4d 39 30 32 34 32 33  |...d....VM902423|	other visible SSID (this changes,
[14:18:26.410705] 00000360  35 00 00 00 00 00 00 00  00 00 00 00 00 00 00 00  |5...............|	so poss just buffer junk from Rx)
[14:18:26.410874] 00000370  00 00 00 00 00 00 00 00  09 0b a4 04 00 05 00 00  |................|

[14:18:28.234876] 00000380  00 40 e4 aa aa 24 00 00  00 f0 0a aa aa 7f 01 00  |.@...$..........|	example of 'aa aa' as block separator

[14:18:30.245847] 00000390  02 96 38 95 aa aa 96 60  00 01 61 73 68 62 79 73  |..8....`..ashbys|	zero padding implies 32 byte SSID buffer
[14:18:30.245998] 000003a0  6f 66 74 2e 6e 65 74 5f  6f 70 74 6f 75 74 00 00  |oft.net_optout..|
[14:18:30.246054] 000003b0  00 00 00 00 00 00 00 00  00 00 ff ff ff ff ff ff  |..........XXXXXX|	WiFi credentials device => WiFi (sorry, you
[14:18:30.246122] 000003c0  ff ff ff ff ff ff ff ff  00 00 00 00 00 00 00 00  |XXXXXXXX........|    don't get to see these!)
[14:18:30.246198] 000003d0  00 00 00 00 00 00 00 00  00 00 00 00 00 00 00 00  |................|
[14:18:30.246271] 000003e0  00 00 00 00 00 00 00 00  00 00 00 00 00 00 00 00  |................|

[first WiFi packets sent in this gap (DHCP)]

[https://crccalc.com/ used to verify]
This matches a CRC16/ARC chksum over bytes from 'aa aa' ---+     +---- this block is repeated from here..
                                                           v     v
[14:18:33.317944] 000003f0  00 00 00 00 00 00 00 00  00 00 4d 28 aa aa 2c 2c  |..........M(..,,|	[1st data frame]
[14:18:33.318086] 00000400  00 00 01 00 61 73 68 62  79 73 6f 66 74 2e 6e 65  |....ashbysoft.ne|	SSID appears to be sent with data,
[14:18:33.318135] 00000410  74 5f 6f 70 74 6f 75 74  00 00 00 00 00 00 00 00  |t_optout........|	probably some form of network handle
[14:18:33.318205] 00000420  00 00 00 00 50 c7 bf 8f  2b f4 00 00 00 00 00 6a  |....P...+......j|
                                        ^               ^                 ^
start of repeated data -----+           +-in all data?--+                  +---- ..to here.
                            v
[14:18:33.638052] 00000430  aa aa 2c 2c 00 00 01 00  61 73 68 62 79 73 6f 66  |..,,....ashbysof|	[2nd] data not a nice multiple of 16 bytes :(
[14:18:33.638288] 00000440  74 2e 6e 65 74 5f 6f 70  74 6f 75 74 00 00 00 00  |t.net_optout....|	meaning my timings are shifted by hd
[14:18:33.638474] 00000450  00 00 00 00 00 00 00 00  50 c7 bf 8f 2b f4 00 00  |........P...+...|	buffering 16 byte blocks.. oh well.

[DHCP completes in this gap (14:18:39.30), host name: ESP_194041 (it's an ESP8285 WiFi chip)]
[ARP checks made for own IP (gratuitous)]

end of repeated data ----------------+
                                     v
[14:18:40.278192] 00000460  00 00 00 6a aa aa 2c 2c  00 00 05 ba 61 73 68 62  |...j..,,....ashb|	[3rd data frame]
[14:18:40.278383] 00000470  79 73 6f 66 74 2e 6e 65  74 5f 6f 70 74 6f 75 74  |ysoft.net_optout|
[14:18:40.278559] 00000480  00 00 00 00 00 00 00 00  00 00 00 00 50 c7 bf 8f  |............P...|
[14:18:40.325986] 00000490  2b f4 c0 a8 00 be df cc  aa aa 2e 04 00 00 c0 a8  |+...............|	[4th] much shorter
                                  ^                                    ^
IP address of device -------------+                                    +---- IP address of DNS server / DHCP server

[ARP for DNS server (as per DHCP config)]
[DNS query/response for prod-sec03.geosmartdata.eu]

[14:18:43.574228] 000004a0  00 05 b7 bb aa aa 2c 2c  00 00 06 b9 61 73 68 62  |......,,....ashb|	[5th data frame]
[14:18:43.574441] 000004b0  79 73 6f 66 74 2e 6e 65  74 5f 6f 70 74 6f 75 74  |ysoft.net_optout|
[14:18:43.574625] 000004c0  00 00 00 00 00 00 00 00  00 00 00 00 50 c7 bf 8f  |............P...|

[1st UDP frame (14:18:43.62), 110 bytes]															looks like WiFi delays 4s between Tx's
[2nd UDP frame (14:18:47.72), 110 bytes]															(packet timestamp: 4d 1e 6e 91
[3rd UDP frame (14:18:51.83), 110 bytes]															=> Sat  1 Jan 00:00:17 GMT 2011)

[14:18:53.830440] 000004d0  2b f4 c0 a8 00 be ef c9  aa aa 2c 2c 00 00 06 b6  |+.........,,....|	[6th data frame]
[14:18:53.830619] 000004e0  61 73 68 62 79 73 6f 66  74 2e 6e 65 74 5f 6f 70  |ashbysoft.net_op|
[14:18:53.846317] 000004f0  74 6f 75 74 00 00 00 00  00 00 00 00 00 00 00 00  |tout............|

[4th UDP frame (14:18:55.94), 110 bytes]
[5th UDP frame (14:19:00.06), 78 bytes]																(packet timestamp now ~correct: 60 00 52 d8
[6th UDP frame (14:19:00.07), 46 bytes]																=> Thu 14 Jan 14:19:04 GMT 2021)

** device clock 4+secs ahead of NTP

[14:19:04.102631] 00000500  50 c7 bf 8f 2b f4 c0 a8  00 be e4 92 aa aa 2c 2c  |P...+.........,,|	[7th data frame]
[14:19:04.102851] 00000510  00 00 06 bb 61 73 68 62  79 73 6f 66 74 2e 6e 65  |....ashbysoft.ne|
[14:19:04.103040] 00000520  74 5f 6f 70 74 6f 75 74  00 00 00 00 00 00 00 00  |t_optout........|
[14:19:04.103202] 00000530  00 00 00 00 50 c7 bf 8f  2b f4 c0 a8 00 be 6c 4d  |....P...+.....lM|

[7th UDP frame (14:19:04.17), 46 bytes]
[8th UDP frame (14:19:08.27), 46 bytes]
[9th UDP frame (14:19:12.39), 46 bytes]

[14:19:14.358709] 00000540  aa aa 2c 2c 00 00 06 ba  61 73 68 62 79 73 6f 66  |..,,....ashbysof|	[8th data frame]
[14:19:14.358853] 00000550  74 2e 6e 65 74 5f 6f 70  74 6f 75 74 00 00 00 00  |t.net_optout....|
[14:19:14.358909] 00000560  00 00 00 00 00 00 00 00  50 c7 bf 8f 2b f4 c0 a8  |........P...+...|

[14:19:21.622919] 00000570  00 be 2d 8f aa aa 2e 04  00 00 c0 a8 00 05 b7 bb  |..-.............|	[9th] much shorter

[10th UDP frame (14:19:21.69), 78 bytes]
[11th UDP frame (14:19:21.71), 110 bytes]

[14:19:24.615007] 00000580  aa aa 2c 2c 00 00 06 bb  61 73 68 62 79 73 6f 66  |..,,....ashbysof|	[10th data frame]
[14:19:24.615220] 00000590  74 2e 6e 65 74 5f 6f 70  74 6f 75 74 00 00 00 00  |t.net_optout....|
[14:19:24.615429] 000005a0  00 00 00 00 00 00 00 00  50 c7 bf 8f 2b f4 c0 a8  |........P...+...|

[12th UDP frame (14:19:25.83), 110 bytes]
[13th UDP frame (14:19:30.16), 110 bytes]
[14th UDP frame (14:19:34.32), 110 bytes]

[14:19:35.159221] 000005b0  00 be 6c 4d aa aa 2c 2c  00 00 06 b6 61 73 68 62  |..lM..,,....ashb|	[11th data frame]
[14:19:35.159430] 000005c0  79 73 6f 66 74 2e 6e 65  74 5f 6f 70 74 6f 75 74  |ysoft.net_optout|
[14:19:35.159620] 000005d0  00 00 00 00 00 00 00 00  00 00 00 00 50 c7 bf 8f  |............P...|

[15th UDP frame (14:19:38.43), 78 bytes]
[16th UDP frame (14:19:38.44), 46 bytes]
[17th UDP frame (14:19:42.55), 46 bytes]

[14:19:45.415330] 000005e0  2b f4 c0 a8 00 be e4 92  aa aa 2c 2c 00 00 06 b6  |+.........,,....|	[12th data frame]
[14:19:45.415552] 000005f0  61 73 68 62 79 73 6f 66  74 2e 6e 65 74 5f 6f 70  |ashbysoft.net_op|
[14:19:45.415750] 00000600  74 6f 75 74 00 00 00 00  00 00 00 00 00 00 00 00  |tout............|

[18th UDP frame (14:19:46.66), 46 bytes]
[19th UDP frame (14:19:50.77), 46 bytes]

[14:19:55.671571] 00000610  50 c7 bf 8f 2b f4 c0 a8  00 be e4 92 aa aa 2c 2c  |P...+.........,,|	[13th data frame]
[14:19:55.671792] 00000620  00 00 05 b8 61 73 68 62  79 73 6f 66 74 2e 6e 65  |....ashbysoft.ne|
[14:19:55.671974] 00000630  74 5f 6f 70 74 6f 75 74  00 00 00 00 00 00 00 00  |t_optout........|
[14:19:55.687358] 00000640  00 00 00 00 50 c7 bf 8f  2b f4 c0 a8 00 be 5c 48  |....P...+.....\H|

[14:20:05.943737] 00000650  aa aa 2e 04 00 00 c0 a8  00 05 b7 bb aa aa 2c 2c  |..............,,|	[14th data frame]
[14:20:05.943940] 00000660  00 00 06 b9 61 73 68 62  79 73 6f 66 74 2e 6e 65  |....ashbysoft.ne|
[14:20:05.944062] 00000670  74 5f 6f 70 74 6f 75 74  00 00 00 00 00 00 00 00  |t_optout........|
[14:20:05.944249] 00000680  00 00 00 00 50 c7 bf 8f  2b f4 c0 a8 00 be ef c9  |....P...+.......|

[20th UDP frame (14:20:05.98), 110 bytes]
[21st UDP frame (14:20:10.08), 110 bytes]
[22nd UDP frame (14:20:14.19), 110 bytes]

[14:20:16.199961] 00000690  aa aa 2c 2c 00 00 06 b9  61 73 68 62 79 73 6f 66  |..,,....ashbysof|	[15th data frame]
[14:20:16.200164] 000006a0  74 2e 6e 65 74 5f 6f 70  74 6f 75 74 00 00 00 00  |t.net_optout....|
[14:20:16.200279] 000006b0  00 00 00 00 00 00 00 00  50 c7 bf 8f 2b f4 c0 a8  |........P...+...|

[23rd UDP frame (14:20:18.30), 110 bytes]
[24th UDP frame (14:20:22.41), 78 bytes]
[25th UDP frame (14:20:22.42), 46 bytes]

[14:20:26.456114] 000006c0  00 be ef c9 aa aa 2c 2c  00 00 06 b7 61 73 68 62  |......,,....ashb|	[16th data frame]
[14:20:26.456318] 000006d0  79 73 6f 66 74 2e 6e 65  74 5f 6f 70 74 6f 75 74  |ysoft.net_optout|
[14:20:26.456446] 000006e0  00 00 00 00 00 00 00 00  00 00 00 00 50 c7 bf 8f  |............P...|

[26th UDP frame (14:20:22.42), 46 bytes]
[27th UDP frame (14:20:30.63), 46 bytes]
[28th UDP frame (14:20:34.74), 46 bytes]

[14:20:36.712289] 000006f0  2b f4 c0 a8 00 be a5 50  aa aa 2c 2c 00 00 06 ba  |+......P..,,....|	[17th data frame]
[14:20:36.712559] 00000700  61 73 68 62 79 73 6f 66  74 2e 6e 65 74 5f 6f 70  |ashbysoft.net_op|
[14:20:36.712765] 00000710  74 6f 75 74 00 00 00 00  00 00 00 00 00 00 00 00  |tout............|

[14:20:46.984479] 00000720  50 c7 bf 8f 2b f4 c0 a8  00 be 2d 8f aa aa 2c 2c  |P...+.....-...,,|	[18th data frame]
[14:20:46.984739] 00000730  00 00 05 b6 61 73 68 62  79 73 6f 66 74 2e 6e 65  |....ashbysoft.ne|
[14:20:46.984875] 00000740  74 5f 6f 70 74 6f 75 74  00 00 00 00 00 00 00 00  |t_optout........|
[14:20:46.985069] 00000750  00 00 00 00 50 c7 bf 8f  2b f4 c0 a8 00 be 16 d1  |....P...+.......|

[14:20:57.240674] 00000760  aa aa 2c 2c 00 00 05 b6  61 73 68 62 79 73 6f 66  |..,,....ashbysof|	[19th data frame]
[14:20:57.240890] 00000770  74 2e 6e 65 74 5f 6f 70  74 6f 75 74 00 00 00 00  |t.net_optout....|
[14:20:57.241079] 00000780  00 00 00 00 00 00 00 00  50 c7 bf 8f 2b f4 c0 a8  |........P...+...|

[14:21:07.480852] 00000790  00 be 16 d1 aa aa 2c 2c  00 00 05 b6 61 73 68 62  |......,,....ashb|	[20th data frame]
[14:21:07.481056] 000007a0  79 73 6f 66 74 2e 6e 65  74 5f 6f 70 74 6f 75 74  |ysoft.net_optout|
[14:21:07.496650] 000007b0  00 00 00 00 00 00 00 00  00 00 00 00 50 c7 bf 8f  |............P...|

[14:21:08.584835] 000007c0  2b f4 c0 a8 00 be 16 d1  aa aa 2e 04 00 00 c0 a8  |+...............|	[21st] much shorter

[14:21:17.753020] 000007d0  00 05 b7 bb aa aa 2c 2c  00 00 06 b6 61 73 68 62  |......,,....ashb|	[22nd data frame]
[14:21:17.753211] 000007e0  79 73 6f 66 74 2e 6e 65  74 5f 6f 70 74 6f 75 74  |ysoft.net_optout|
[14:21:17.753398] 000007f0  00 00 00 00 00 00 00 00  00 00 00 00 50 c7 bf 8f  |............P...|

[29th UDP frame (14:21:17.79), 110 bytes]
[30th UDP frame (14:21:21.89), 110 bytes]
[31st UDP frame (14:21:26.00), 110 bytes]

[14:21:28.009211] 00000800  2b f4 c0 a8 00 be e4 92  aa aa 2c 2c 00 00 06 b6  |+.........,,....|	[23rd data frame]
[14:21:28.009415] 00000810  61 73 68 62 79 73 6f 66  74 2e 6e 65 74 5f 6f 70  |ashbysoft.net_op|
[14:21:28.009591] 00000820  74 6f 75 74 00 00 00 00  00 00 00 00 00 00 00 00  |tout............|

[32nd UDP frame (14:21:30.11), 110 bytes]
[33rd UDP frame (14:21:34.23), 78 bytes]
[34th UDP frame (14:21:34.24), 46 bytes]

[14:21:38.265386] 00000830  50 c7 bf 8f 2b f4 c0 a8  00 be e4 92 aa aa 2c 2c  |P...+.........,,|	[24th data frame]
[14:21:38.265609] 00000840  00 00 06 b8 61 73 68 62  79 73 6f 66 74 2e 6e 65  |....ashbysoft.ne|
[14:21:38.265805] 00000850  74 5f 6f 70 74 6f 75 74  00 00 00 00 00 00 00 00  |t_optout........|
[14:21:38.265998] 00000860  00 00 00 00 50 c7 bf 8f  2b f4 c0 a8 00 be ae 0b  |....P...+.......|

[35th UDP frame (14:21:38.33), 46 bytes]
[35th UDP frame (14:21:42.44), 46 bytes]
[35th UDP frame (14:21:46.55), 46 bytes]
